0 info it worked if it ends with ok
1 verbose cli [ '/usr/bin/node', '/usr/bin/npm', 'install' ]
2 info using npm@1.1.46
3 info using node@v0.8.5
4 verbose config file /home/thedekel/.npmrc
5 verbose config file /usr/etc/npmrc
6 verbose config file /usr/lib/node_modules/npm/npmrc
7 verbose read json /home/thedekel/Projects/attendance2/package.json
8 verbose readDependencies using package.json deps
9 verbose install where, deps [ '/home/thedekel/Projects/attendance2',
9 verbose install   [ 'express',
9 verbose install     'jade',
9 verbose install     'mongoose',
9 verbose install     'everyauth@express3',
9 verbose install     'marked',
9 verbose install     'bcrypt',
9 verbose install     'async',
9 verbose install     'less',
9 verbose install     'express-messages-bootstrap',
9 verbose install     'connect-mongodb',
9 verbose install     'coffee-script',
9 verbose install     'mailer' ] ]
10 verbose from cache /home/thedekel/Projects/attendance2/package.json
11 info preinstall Attendance@1.0.1
12 verbose read json /home/thedekel/Projects/attendance2/node_modules/less/package.json
13 verbose read json /home/thedekel/Projects/attendance2/node_modules/bcrypt/package.json
14 verbose read json /home/thedekel/Projects/attendance2/node_modules/express-messages-bootstrap/package.json
15 verbose read json /home/thedekel/Projects/attendance2/node_modules/connect-mongodb/package.json
16 verbose read json /home/thedekel/Projects/attendance2/node_modules/coffee-script/package.json
17 verbose read json /home/thedekel/Projects/attendance2/node_modules/jade/package.json
18 verbose read json /home/thedekel/Projects/attendance2/node_modules/mongoose/package.json
19 verbose read json /home/thedekel/Projects/attendance2/node_modules/mailer/package.json
20 verbose read json /home/thedekel/Projects/attendance2/node_modules/marked/package.json
21 verbose read json /home/thedekel/Projects/attendance2/node_modules/async/package.json
22 verbose read json /home/thedekel/Projects/attendance2/node_modules/express/package.json
23 verbose from cache /home/thedekel/Projects/attendance2/package.json
24 verbose readDependencies using package.json deps
25 verbose from cache /home/thedekel/Projects/attendance2/node_modules/less/package.json
26 verbose from cache /home/thedekel/Projects/attendance2/node_modules/bcrypt/package.json
27 verbose from cache /home/thedekel/Projects/attendance2/node_modules/express-messages-bootstrap/package.json
28 verbose from cache /home/thedekel/Projects/attendance2/node_modules/connect-mongodb/package.json
29 verbose from cache /home/thedekel/Projects/attendance2/node_modules/coffee-script/package.json
30 verbose from cache /home/thedekel/Projects/attendance2/node_modules/jade/package.json
31 verbose from cache /home/thedekel/Projects/attendance2/node_modules/mongoose/package.json
32 verbose from cache /home/thedekel/Projects/attendance2/node_modules/mailer/package.json
33 verbose from cache /home/thedekel/Projects/attendance2/node_modules/marked/package.json
34 verbose read json /home/thedekel/Projects/attendance2/node_modules/.bin/package.json
35 verbose from cache /home/thedekel/Projects/attendance2/node_modules/async/package.json
36 verbose from cache /home/thedekel/Projects/attendance2/node_modules/express/package.json
37 verbose already installed skipping marked@0.2.x /home/thedekel/Projects/attendance2
38 verbose already installed skipping bcrypt@0.7.x /home/thedekel/Projects/attendance2
39 verbose already installed skipping async@0.1.x /home/thedekel/Projects/attendance2
40 verbose already installed skipping less@1.x /home/thedekel/Projects/attendance2
41 verbose already installed skipping express-messages-bootstrap@0.1.x /home/thedekel/Projects/attendance2
42 verbose already installed skipping connect-mongodb@1.1.x /home/thedekel/Projects/attendance2
43 verbose already installed skipping coffee-script@1.3.x /home/thedekel/Projects/attendance2
44 verbose already installed skipping mailer@0.6.x /home/thedekel/Projects/attendance2
45 verbose already installed skipping express@3.x /home/thedekel/Projects/attendance2
46 verbose already installed skipping jade@0.27.x /home/thedekel/Projects/attendance2
47 verbose already installed skipping mongoose@3.x /home/thedekel/Projects/attendance2
48 verbose cache add [ 'everyauth@express3@0.3.x', null ]
49 silly cache add name=undefined spec="everyauth@express3@0.3.x" args=["everyauth@express3@0.3.x",null]
50 verbose parsed url { pathname: 'everyauth@express3@0.3.x',
50 verbose parsed url   path: 'everyauth@express3@0.3.x',
50 verbose parsed url   href: 'everyauth@express3@0.3.x' }
51 silly cache add name="everyauth" spec="express3@0.3.x" args=["everyauth","express3@0.3.x"]
52 verbose parsed url { pathname: 'express3@0.3.x',
52 verbose parsed url   path: 'express3@0.3.x',
52 verbose parsed url   href: 'express3@0.3.x' }
53 verbose addNamed [ 'everyauth', 'express3@0.3.x' ]
54 verbose addNamed [ null, null ]
55 silly lockFile c4f2fd76-everyauth-express3-0-3-x everyauth@express3@0.3.x
56 verbose lock everyauth@express3@0.3.x /home/thedekel/.npm/c4f2fd76-everyauth-express3-0-3-x.lock
57 info addNameTag [ 'everyauth', 'express3@0.3.x' ]
58 verbose url raw everyauth
59 verbose url resolving [ 'https://registry.npmjs.org/', './everyauth' ]
60 verbose url resolved https://registry.npmjs.org/everyauth
61 info retry registry request attempt 1 at 07:41:20
62 verbose etag "EZKHMSBBXCWOC73ESREUSY4NA"
63 http GET https://registry.npmjs.org/everyauth
64 http 304 https://registry.npmjs.org/everyauth
65 silly registry.get cb [ 304,
65 silly registry.get   { server: 'CouchDB/1.2.0 (Erlang OTP/R15B)',
65 silly registry.get     etag: '"EZKHMSBBXCWOC73ESREUSY4NA"',
65 silly registry.get     date: 'Tue, 21 Aug 2012 11:47:09 GMT',
65 silly registry.get     'content-length': '0' } ]
66 verbose etag everyauth from cache
67 silly lockFile c4f2fd76-everyauth-express3-0-3-x everyauth@express3@0.3.x
68 error Error: No compatible version found: everyauth@'express3@0.3.x'
68 error Valid install targets:
68 error ["0.0.1","0.0.3","0.0.4","0.0.5","0.0.6","0.0.8","0.0.9","0.0.10","0.1.0","0.1.3","0.1.4","0.1.5","0.1.6","0.1.7","0.2.0","0.2.1","0.2.2","0.2.3","0.2.4","0.2.5","0.2.6","0.2.7","0.2.8","0.2.9","0.2.10","0.2.11","0.2.12","0.2.13","0.2.14","0.2.15","0.2.16","0.2.17","0.2.18","0.2.19","0.2.20","0.2.21","0.2.22","0.2.23","0.2.24","0.2.25","0.2.26","0.2.27","0.2.28","0.2.29","0.2.30","0.2.31","0.2.32","0.3.0"]
68 error     at installTargetsError (/usr/lib/node_modules/npm/lib/cache.js:553:10)
68 error     at /usr/lib/node_modules/npm/lib/cache.js:477:15
68 error     at saved (/usr/lib/node_modules/npm/node_modules/npm-registry-client/lib/get.js:138:7)
68 error     at /usr/lib/node_modules/npm/node_modules/graceful-fs/graceful-fs.js:220:7
68 error     at Object.oncomplete (fs.js:297:15)
69 error If you need help, you may report this log at:
69 error     <http://github.com/isaacs/npm/issues>
69 error or email it to:
69 error     <npm-@googlegroups.com>
70 error System Linux 3.4.9-1-ARCH
71 error command "/usr/bin/node" "/usr/bin/npm" "install"
72 error cwd /home/thedekel/Projects/attendance2
73 error node -v v0.8.5
74 error npm -v 1.1.46
75 verbose exit [ 1, true ]
